<?xml version="1.0" encoding="UTF-8"?>
<!-- Generated by org.testng.reporters.JUnitReportReporter -->
<testsuite hostname="Sammy" failures="0" tests="1" name="benefitstorePom.pages.FormSubmissionpage" time="3.420" errors="0" timestamp="2025-06-06T09:09:28 NPT" skipped="0">
  <testcase classname="benefitstorePom.pages.FormSubmissionpage" name="testformsubmission" time="3.420"/>
</testsuite> <!-- benefitstorePom.pages.FormSubmissionpage -->
