<?xml version="1.0" encoding="UTF-8"?>
<!-- Generated by org.testng.reporters.JUnitReportReporter -->
<testsuite hostname="Sammy" failures="0" tests="3" name="samm.selenium.AppTest$FirstTes" time="0.014" errors="0" timestamp="2025-06-04T18:54:49 NPT" skipped="0">
  <testcase classname="samm.selenium.AppTest$FirstTes" name="openapp" time="0.012"/>
  <testcase classname="samm.selenium.AppTest$FirstTes" name="Login" time="0.001"/>
  <testcase classname="samm.selenium.AppTest$FirstTes" name="Logout" time="0.001"/>
</testsuite> <!-- samm.selenium.AppTest$FirstTes -->
