<?xml version="1.0" encoding="UTF-8"?>
<!-- Generated by org.testng.reporters.JUnitReportReporter -->
<testsuite hostname="Sammy" failures="0" tests="1" name="benefitstorePom.pages.FormSubmissionpageUsingPOMFactory" time="3.720" errors="0" timestamp="2025-06-05T23:49:16 NPT" skipped="0">
  <testcase classname="benefitstorePom.pages.FormSubmissionpageUsingPOMFactory" name="testformsubmission" time="3.720"/>
</testsuite> <!-- benefitstorePom.pages.FormSubmissionpageUsingPOMFactory -->
